app/build/intermediates/manifest_merge_blame_file/debug/manifest-merger-blame-debug-report.txt
1<?xml version="1.0" encoding="utf-8"?>
2<manifest xmlns:android="http://schemas.android.com/apk/res/android"
3    package="com.watermarker"
4    android:versionCode="1"
5    android:versionName="1.0" >
6
7    <uses-sdk
8        android:minSdkVersion="24"
9        android:targetSdkVersion="34" />
10
11    <uses-permission android:name="android.permission.INTERNET" />
11-->src/main/AndroidManifest.xml:4:5-67
11-->src/main/AndroidManifest.xml:4:22-64
12    <uses-permission android:name="android.permission.ACCESS_NETWORK_STATE" />
12-->src/main/AndroidManifest.xml:5:5-79
12-->src/main/AndroidManifest.xml:5:22-76
13    <uses-permission
13-->src/main/AndroidManifest.xml:6:5-107
14        android:name="android.permission.READ_EXTERNAL_STORAGE"
14-->src/main/AndroidManifest.xml:6:22-77
15        android:maxSdkVersion="32" />
15-->src/main/AndroidManifest.xml:6:78-104
16    <uses-permission
16-->src/main/AndroidManifest.xml:7:5-108
17        android:name="android.permission.WRITE_EXTERNAL_STORAGE"
17-->src/main/AndroidManifest.xml:7:22-78
18        android:maxSdkVersion="28" />
18-->src/main/AndroidManifest.xml:7:79-105
19    <uses-permission android:name="com.google.android.gms.permission.AD_ID" />
19-->[com.google.android.gms:play-services-ads-lite:23.0.0] AndroidManifest.xml:26:5-79
19-->[com.google.android.gms:play-services-ads-lite:23.0.0] AndroidManifest.xml:26:22-76
20    <uses-permission android:name="android.permission.ACCESS_ADSERVICES_AD_ID" />
20-->[com.google.android.gms:play-services-ads-lite:23.0.0] AndroidManifest.xml:27:5-82
20-->[com.google.android.gms:play-services-ads-lite:23.0.0] AndroidManifest.xml:27:22-79
21    <uses-permission android:name="android.permission.ACCESS_ADSERVICES_ATTRIBUTION" />
21-->[com.google.android.gms:play-services-ads-lite:23.0.0] AndroidManifest.xml:28:5-88
21-->[com.google.android.gms:play-services-ads-lite:23.0.0] AndroidManifest.xml:28:22-85
22    <uses-permission android:name="android.permission.ACCESS_ADSERVICES_TOPICS" /> <!-- Android package visibility setting -->
22-->[com.google.android.gms:play-services-ads-lite:23.0.0] AndroidManifest.xml:29:5-83
22-->[com.google.android.gms:play-services-ads-lite:23.0.0] AndroidManifest.xml:29:22-80
23    <queries>
23-->[com.google.android.gms:play-services-ads-lite:23.0.0] AndroidManifest.xml:35:5-51:15
24
25        <!-- For browser content -->
26        <intent>
26-->[com.google.android.gms:play-services-ads-lite:23.0.0] AndroidManifest.xml:38:9-44:18
27            <action android:name="android.intent.action.VIEW" />
27-->[com.google.android.gms:play-services-ads-lite:23.0.0] AndroidManifest.xml:39:13-65
27-->[com.google.android.gms:play-services-ads-lite:23.0.0] AndroidManifest.xml:39:21-62
28
29            <category android:name="android.intent.category.BROWSABLE" />
29-->[com.google.android.gms:play-services-ads-lite:23.0.0] AndroidManifest.xml:41:13-74
29-->[com.google.android.gms:play-services-ads-lite:23.0.0] AndroidManifest.xml:41:23-71
30
31            <data android:scheme="https" />
31-->[com.google.android.gms:play-services-ads-lite:23.0.0] AndroidManifest.xml:43:13-44
31-->[com.google.android.gms:play-services-ads-lite:23.0.0] AndroidManifest.xml:43:19-41
32        </intent>
33        <!-- End of browser content -->
34        <!-- For CustomTabsService -->
35        <intent>
35-->[com.google.android.gms:play-services-ads-lite:23.0.0] AndroidManifest.xml:47:9-49:18
36            <action android:name="android.support.customtabs.action.CustomTabsService" />
36-->[com.google.android.gms:play-services-ads-lite:23.0.0] AndroidManifest.xml:48:13-90
36-->[com.google.android.gms:play-services-ads-lite:23.0.0] AndroidManifest.xml:48:21-87
37        </intent>
38        <!-- End of CustomTabsService -->
39    </queries>
40
41    <uses-permission android:name="android.permission.WAKE_LOCK" />
41-->[com.google.android.gms:play-services-measurement-sdk-api:20.1.2] AndroidManifest.xml:25:5-68
41-->[com.google.android.gms:play-services-measurement-sdk-api:20.1.2] AndroidManifest.xml:25:22-65
42    <uses-permission android:name="android.permission.FOREGROUND_SERVICE" />
42-->[androidx.work:work-runtime:2.7.0] AndroidManifest.xml:28:5-77
42-->[androidx.work:work-runtime:2.7.0] AndroidManifest.xml:28:22-74
43
44    <permission
44-->[androidx.core:core:1.12.0] AndroidManifest.xml:22:5-24:47
45        android:name="com.watermarker.DYNAMIC_RECEIVER_NOT_EXPORTED_PERMISSION"
45-->[androidx.core:core:1.12.0] AndroidManifest.xml:23:9-81
46        android:protectionLevel="signature" />
46-->[androidx.core:core:1.12.0] AndroidManifest.xml:24:9-44
47
48    <uses-permission android:name="com.watermarker.DYNAMIC_RECEIVER_NOT_EXPORTED_PERMISSION" />
48-->[androidx.core:core:1.12.0] AndroidManifest.xml:26:5-97
48-->[androidx.core:core:1.12.0] AndroidManifest.xml:26:22-94
49
50    <application
50-->src/main/AndroidManifest.xml:9:5-30:19
51        android:name="com.watermarker.WatermarkerApp"
51-->src/main/AndroidManifest.xml:10:9-39
52        android:allowBackup="true"
52-->src/main/AndroidManifest.xml:11:9-35
53        android:appComponentFactory="androidx.core.app.CoreComponentFactory"
53-->[androidx.core:core:1.12.0] AndroidManifest.xml:28:18-86
54        android:debuggable="true"
55        android:extractNativeLibs="false"
56        android:icon="@mipmap/ic_launcher"
56-->src/main/AndroidManifest.xml:12:9-43
57        android:label="Water Marker"
57-->src/main/AndroidManifest.xml:13:9-37
58        android:roundIcon="@mipmap/ic_launcher_round"
58-->src/main/AndroidManifest.xml:14:9-54
59        android:supportsRtl="true"
59-->src/main/AndroidManifest.xml:15:9-35
60        android:theme="@style/Theme.Watermarker" >
60-->src/main/AndroidManifest.xml:16:9-49
61        <meta-data
61-->src/main/AndroidManifest.xml:18:9-20:69
62            android:name="com.google.android.gms.ads.APPLICATION_ID"
62-->src/main/AndroidManifest.xml:19:13-69
63            android:value="ca-app-pub-7732503595590477~5528698466" />
63-->src/main/AndroidManifest.xml:20:13-67
64
65        <activity
65-->src/main/AndroidManifest.xml:22:9-29:20
66            android:name="com.watermarker.MainActivity"
66-->src/main/AndroidManifest.xml:23:13-41
67            android:exported="true" >
67-->src/main/AndroidManifest.xml:24:13-36
68            <intent-filter>
68-->src/main/AndroidManifest.xml:25:13-28:29
69                <action android:name="android.intent.action.MAIN" />
69-->src/main/AndroidManifest.xml:26:17-69
69-->src/main/AndroidManifest.xml:26:25-66
70
71                <category android:name="android.intent.category.LAUNCHER" />
71-->src/main/AndroidManifest.xml:27:17-77
71-->src/main/AndroidManifest.xml:27:27-74
72            </intent-filter>
73        </activity>
74        <!-- Include the AdActivity and InAppPurchaseActivity configChanges and themes. -->
75        <activity
75-->[com.google.android.gms:play-services-ads-lite:23.0.0] AndroidManifest.xml:56:9-61:43
76            android:name="com.google.android.gms.ads.AdActivity"
76-->[com.google.android.gms:play-services-ads-lite:23.0.0] AndroidManifest.xml:57:13-65
77            android:configChanges="keyboard|keyboardHidden|orientation|screenLayout|uiMode|screenSize|smallestScreenSize"
77-->[com.google.android.gms:play-services-ads-lite:23.0.0] AndroidManifest.xml:58:13-122
78            android:exported="false"
78-->[com.google.android.gms:play-services-ads-lite:23.0.0] AndroidManifest.xml:59:13-37
79            android:theme="@android:style/Theme.Translucent" />
79-->[com.google.android.gms:play-services-ads-lite:23.0.0] AndroidManifest.xml:60:13-61
80
81        <provider
81-->[com.google.android.gms:play-services-ads-lite:23.0.0] AndroidManifest.xml:63:9-68:43
82            android:name="com.google.android.gms.ads.MobileAdsInitProvider"
82-->[com.google.android.gms:play-services-ads-lite:23.0.0] AndroidManifest.xml:64:13-76
83            android:authorities="com.watermarker.mobileadsinitprovider"
83-->[com.google.android.gms:play-services-ads-lite:23.0.0] AndroidManifest.xml:65:13-73
84            android:exported="false"
84-->[com.google.android.gms:play-services-ads-lite:23.0.0] AndroidManifest.xml:66:13-37
85            android:initOrder="100" />
85-->[com.google.android.gms:play-services-ads-lite:23.0.0] AndroidManifest.xml:67:13-36
86
87        <service
87-->[com.google.android.gms:play-services-ads-lite:23.0.0] AndroidManifest.xml:70:9-74:43
88            android:name="com.google.android.gms.ads.AdService"
88-->[com.google.android.gms:play-services-ads-lite:23.0.0] AndroidManifest.xml:71:13-64
89            android:enabled="true"
89-->[com.google.android.gms:play-services-ads-lite:23.0.0] AndroidManifest.xml:72:13-35
90            android:exported="false" />
90-->[com.google.android.gms:play-services-ads-lite:23.0.0] AndroidManifest.xml:73:13-37
91
92        <activity
92-->[com.google.android.gms:play-services-ads-lite:23.0.0] AndroidManifest.xml:76:9-80:43
93            android:name="com.google.android.gms.ads.OutOfContextTestingActivity"
93-->[com.google.android.gms:play-services-ads-lite:23.0.0] AndroidManifest.xml:77:13-82
94            android:configChanges="keyboard|keyboardHidden|orientation|screenLayout|uiMode|screenSize|smallestScreenSize"
94-->[com.google.android.gms:play-services-ads-lite:23.0.0] AndroidManifest.xml:78:13-122
95            android:exported="false" />
95-->[com.google.android.gms:play-services-ads-lite:23.0.0] AndroidManifest.xml:79:13-37
96        <activity
96-->[com.google.android.gms:play-services-ads-lite:23.0.0] AndroidManifest.xml:81:9-88:43
97            android:name="com.google.android.gms.ads.NotificationHandlerActivity"
97-->[com.google.android.gms:play-services-ads-lite:23.0.0] AndroidManifest.xml:82:13-82
98            android:excludeFromRecents="true"
98-->[com.google.android.gms:play-services-ads-lite:23.0.0] AndroidManifest.xml:83:13-46
99            android:exported="false"
99-->[com.google.android.gms:play-services-ads-lite:23.0.0] AndroidManifest.xml:84:13-37
100            android:launchMode="singleTask"
100-->[com.google.android.gms:play-services-ads-lite:23.0.0] AndroidManifest.xml:85:13-44
101            android:taskAffinity=""
101-->[com.google.android.gms:play-services-ads-lite:23.0.0] AndroidManifest.xml:86:13-36
102            android:theme="@android:style/Theme.Translucent.NoTitleBar" />
102-->[com.google.android.gms:play-services-ads-lite:23.0.0] AndroidManifest.xml:87:13-72
103
104        <property
104-->[com.google.android.gms:play-services-ads-lite:23.0.0] AndroidManifest.xml:90:9-92:62
105            android:name="android.adservices.AD_SERVICES_CONFIG"
105-->[com.google.android.gms:play-services-ads-lite:23.0.0] AndroidManifest.xml:91:13-65
106            android:resource="@xml/gma_ad_services_config" />
106-->[com.google.android.gms:play-services-ads-lite:23.0.0] AndroidManifest.xml:92:13-59
107
108        <activity
108-->[com.google.android.gms:play-services-base:18.0.0] AndroidManifest.xml:20:9-22:45
109            android:name="com.google.android.gms.common.api.GoogleApiActivity"
109-->[com.google.android.gms:play-services-base:18.0.0] AndroidManifest.xml:20:19-85
110            android:exported="false"
110-->[com.google.android.gms:play-services-base:18.0.0] AndroidManifest.xml:22:19-43
111            android:theme="@android:style/Theme.Translucent.NoTitleBar" />
111-->[com.google.android.gms:play-services-base:18.0.0] AndroidManifest.xml:21:19-78
112
113        <meta-data
113-->[com.google.android.gms:play-services-basement:18.2.0] AndroidManifest.xml:21:9-23:69
114            android:name="com.google.android.gms.version"
114-->[com.google.android.gms:play-services-basement:18.2.0] AndroidManifest.xml:22:13-58
115            android:value="@integer/google_play_services_version" />
115-->[com.google.android.gms:play-services-basement:18.2.0] AndroidManifest.xml:23:13-66
116
117        <provider
117-->[androidx.work:work-runtime:2.7.0] AndroidManifest.xml:31:9-39:20
118            android:name="androidx.startup.InitializationProvider"
118-->[androidx.work:work-runtime:2.7.0] AndroidManifest.xml:32:13-67
119            android:authorities="com.watermarker.androidx-startup"
119-->[androidx.work:work-runtime:2.7.0] AndroidManifest.xml:33:13-68
120            android:exported="false" >
120-->[androidx.work:work-runtime:2.7.0] AndroidManifest.xml:34:13-37
121            <meta-data
121-->[androidx.work:work-runtime:2.7.0] AndroidManifest.xml:36:13-38:52
122                android:name="androidx.work.WorkManagerInitializer"
122-->[androidx.work:work-runtime:2.7.0] AndroidManifest.xml:37:17-68
123                android:value="androidx.startup" />
123-->[androidx.work:work-runtime:2.7.0] AndroidManifest.xml:38:17-49
124            <meta-data
124-->[androidx.emoji2:emoji2:1.3.0] AndroidManifest.xml:29:13-31:52
125                android:name="androidx.emoji2.text.EmojiCompatInitializer"
125-->[androidx.emoji2:emoji2:1.3.0] AndroidManifest.xml:30:17-75
126                android:value="androidx.startup" />
126-->[androidx.emoji2:emoji2:1.3.0] AndroidManifest.xml:31:17-49
127            <meta-data
127-->[androidx.lifecycle:lifecycle-process:2.7.0] AndroidManifest.xml:29:13-31:52
128                android:name="androidx.lifecycle.ProcessLifecycleInitializer"
128-->[androidx.lifecycle:lifecycle-process:2.7.0] AndroidManifest.xml:30:17-78
129                android:value="androidx.startup" />
129-->[androidx.lifecycle:lifecycle-process:2.7.0] AndroidManifest.xml:31:17-49
130            <meta-data
130-->[androidx.profileinstaller:profileinstaller:1.3.0] AndroidManifest.xml:29:13-31:52
131                android:name="androidx.profileinstaller.ProfileInstallerInitializer"
131-->[androidx.profileinstaller:profileinstaller:1.3.0] AndroidManifest.xml:30:17-85
132                android:value="androidx.startup" />
132-->[androidx.profileinstaller:profileinstaller:1.3.0] AndroidManifest.xml:31:17-49
133        </provider>
134
135        <service
135-->[androidx.work:work-runtime:2.7.0] AndroidManifest.xml:41:9-46:35
136            android:name="androidx.work.impl.background.systemalarm.SystemAlarmService"
136-->[androidx.work:work-runtime:2.7.0] AndroidManifest.xml:42:13-88
137            android:directBootAware="false"
137-->[androidx.work:work-runtime:2.7.0] AndroidManifest.xml:43:13-44
138            android:enabled="@bool/enable_system_alarm_service_default"
138-->[androidx.work:work-runtime:2.7.0] AndroidManifest.xml:44:13-72
139            android:exported="false" />
139-->[androidx.work:work-runtime:2.7.0] AndroidManifest.xml:45:13-37
140        <service
140-->[androidx.work:work-runtime:2.7.0] AndroidManifest.xml:47:9-53:35
141            android:name="androidx.work.impl.background.systemjob.SystemJobService"
141-->[androidx.work:work-runtime:2.7.0] AndroidManifest.xml:48:13-84
142            android:directBootAware="false"
142-->[androidx.work:work-runtime:2.7.0] AndroidManifest.xml:49:13-44
143            android:enabled="@bool/enable_system_job_service_default"
143-->[androidx.work:work-runtime:2.7.0] AndroidManifest.xml:50:13-70
144            android:exported="true"
144-->[androidx.work:work-runtime:2.7.0] AndroidManifest.xml:51:13-36
145            android:permission="android.permission.BIND_JOB_SERVICE" />
145-->[androidx.work:work-runtime:2.7.0] AndroidManifest.xml:52:13-69
146        <service
146-->[androidx.work:work-runtime:2.7.0] AndroidManifest.xml:54:9-59:35
147            android:name="androidx.work.impl.foreground.SystemForegroundService"
147-->[androidx.work:work-runtime:2.7.0] AndroidManifest.xml:55:13-81
148            android:directBootAware="false"
148-->[androidx.work:work-runtime:2.7.0] AndroidManifest.xml:56:13-44
149            android:enabled="@bool/enable_system_foreground_service_default"
149-->[androidx.work:work-runtime:2.7.0] AndroidManifest.xml:57:13-77
150            android:exported="false" />
150-->[androidx.work:work-runtime:2.7.0] AndroidManifest.xml:58:13-37
151
152        <receiver
152-->[androidx.work:work-runtime:2.7.0] AndroidManifest.xml:61:9-66:35
153            android:name="androidx.work.impl.utils.ForceStopRunnable$BroadcastReceiver"
153-->[androidx.work:work-runtime:2.7.0] AndroidManifest.xml:62:13-88
154            android:directBootAware="false"
154-->[androidx.work:work-runtime:2.7.0] AndroidManifest.xml:63:13-44
155            android:enabled="true"
155-->[androidx.work:work-runtime:2.7.0] AndroidManifest.xml:64:13-35
156            android:exported="false" />
156-->[androidx.work:work-runtime:2.7.0] AndroidManifest.xml:65:13-37
157        <receiver
157-->[androidx.work:work-runtime:2.7.0] AndroidManifest.xml:67:9-77:20
158            android:name="androidx.work.impl.background.systemalarm.ConstraintProxy$BatteryChargingProxy"
158-->[androidx.work:work-runtime:2.7.0] AndroidManifest.xml:68:13-106
159            android:directBootAware="false"
159-->[androidx.work:work-runtime:2.7.0] AndroidManifest.xml:69:13-44
160            android:enabled="false"
160-->[androidx.work:work-runtime:2.7.0] AndroidManifest.xml:70:13-36
161            android:exported="false" >
161-->[androidx.work:work-runtime:2.7.0] AndroidManifest.xml:71:13-37
162            <intent-filter>
162-->[androidx.work:work-runtime:2.7.0] AndroidManifest.xml:73:13-76:29
163                <action android:name="android.intent.action.ACTION_POWER_CONNECTED" />
163-->[androidx.work:work-runtime:2.7.0] AndroidManifest.xml:74:17-87
163-->[androidx.work:work-runtime:2.7.0] AndroidManifest.xml:74:25-84
164                <action android:name="android.intent.action.ACTION_POWER_DISCONNECTED" />
164-->[androidx.work:work-runtime:2.7.0] AndroidManifest.xml:75:17-90
164-->[androidx.work:work-runtime:2.7.0] AndroidManifest.xml:75:25-87
165            </intent-filter>
166        </receiver>
167        <receiver
167-->[androidx.work:work-runtime:2.7.0] AndroidManifest.xml:78:9-88:20
168            android:name="androidx.work.impl.background.systemalarm.ConstraintProxy$BatteryNotLowProxy"
168-->[androidx.work:work-runtime:2.7.0] AndroidManifest.xml:79:13-104
169            android:directBootAware="false"
169-->[androidx.work:work-runtime:2.7.0] AndroidManifest.xml:80:13-44
170            android:enabled="false"
170-->[androidx.work:work-runtime:2.7.0] AndroidManifest.xml:81:13-36
171            android:exported="false" >
171-->[androidx.work:work-runtime:2.7.0] AndroidManifest.xml:82:13-37
172            <intent-filter>
172-->[androidx.work:work-runtime:2.7.0] AndroidManifest.xml:84:13-87:29
173                <action android:name="android.intent.action.BATTERY_OKAY" />
173-->[androidx.work:work-runtime:2.7.0] AndroidManifest.xml:85:17-77
173-->[androidx.work:work-runtime:2.7.0] AndroidManifest.xml:85:25-74
174                <action android:name="android.intent.action.BATTERY_LOW" />
174-->[androidx.work:work-runtime:2.7.0] AndroidManifest.xml:86:17-76
174-->[androidx.work:work-runtime:2.7.0] AndroidManifest.xml:86:25-73
175            </intent-filter>
176        </receiver>
177        <receiver
177-->[androidx.work:work-runtime:2.7.0] AndroidManifest.xml:89:9-99:20
178            android:name="androidx.work.impl.background.systemalarm.ConstraintProxy$StorageNotLowProxy"
178-->[androidx.work:work-runtime:2.7.0] AndroidManifest.xml:90:13-104
179            android:directBootAware="false"
179-->[androidx.work:work-runtime:2.7.0] AndroidManifest.xml:91:13-44
180            android:enabled="false"
180-->[androidx.work:work-runtime:2.7.0] AndroidManifest.xml:92:13-36
181            android:exported="false" >
181-->[androidx.work:work-runtime:2.7.0] AndroidManifest.xml:93:13-37
182            <intent-filter>
182-->[androidx.work:work-runtime:2.7.0] AndroidManifest.xml:95:13-98:29
183                <action android:name="android.intent.action.DEVICE_STORAGE_LOW" />
183-->[androidx.work:work-runtime:2.7.0] AndroidManifest.xml:96:17-83
183-->[androidx.work:work-runtime:2.7.0] AndroidManifest.xml:96:25-80
184                <action android:name="android.intent.action.DEVICE_STORAGE_OK" />
184-->[androidx.work:work-runtime:2.7.0] AndroidManifest.xml:97:17-82
184-->[androidx.work:work-runtime:2.7.0] AndroidManifest.xml:97:25-79
185            </intent-filter>
186        </receiver>
187        <receiver
187-->[androidx.work:work-runtime:2.7.0] AndroidManifest.xml:100:9-109:20
188            android:name="androidx.work.impl.background.systemalarm.ConstraintProxy$NetworkStateProxy"
188-->[androidx.work:work-runtime:2.7.0] AndroidManifest.xml:101:13-103
189            android:directBootAware="false"
189-->[androidx.work:work-runtime:2.7.0] AndroidManifest.xml:102:13-44
190            android:enabled="false"
190-->[androidx.work:work-runtime:2.7.0] AndroidManifest.xml:103:13-36
191            android:exported="false" >
191-->[androidx.work:work-runtime:2.7.0] AndroidManifest.xml:104:13-37
192            <intent-filter>
192-->[androidx.work:work-runtime:2.7.0] AndroidManifest.xml:106:13-108:29
193                <action android:name="android.net.conn.CONNECTIVITY_CHANGE" />
193-->[androidx.work:work-runtime:2.7.0] AndroidManifest.xml:107:17-79
193-->[androidx.work:work-runtime:2.7.0] AndroidManifest.xml:107:25-76
194            </intent-filter>
195        </receiver>
196        <receiver
196-->[androidx.work:work-runtime:2.7.0] AndroidManifest.xml:110:9-121:20
197            android:name="androidx.work.impl.background.systemalarm.RescheduleReceiver"
197-->[androidx.work:work-runtime:2.7.0] AndroidManifest.xml:111:13-88
198            android:directBootAware="false"
198-->[androidx.work:work-runtime:2.7.0] AndroidManifest.xml:112:13-44
199            android:enabled="false"
199-->[androidx.work:work-runtime:2.7.0] AndroidManifest.xml:113:13-36
200            android:exported="false" >
200-->[androidx.work:work-runtime:2.7.0] AndroidManifest.xml:114:13-37
201            <intent-filter>
201-->[androidx.work:work-runtime:2.7.0] AndroidManifest.xml:116:13-120:29
202                <action android:name="android.intent.action.BOOT_COMPLETED" />
202-->[androidx.work:work-runtime:2.7.0] AndroidManifest.xml:117:17-79
202-->[androidx.work:work-runtime:2.7.0] AndroidManifest.xml:117:25-76
203                <action android:name="android.intent.action.TIME_SET" />
203-->[androidx.work:work-runtime:2.7.0] AndroidManifest.xml:118:17-73
203-->[androidx.work:work-runtime:2.7.0] AndroidManifest.xml:118:25-70
204                <action android:name="android.intent.action.TIMEZONE_CHANGED" />
204-->[androidx.work:work-runtime:2.7.0] AndroidManifest.xml:119:17-81
204-->[androidx.work:work-runtime:2.7.0] AndroidManifest.xml:119:25-78
205            </intent-filter>
206        </receiver>
207        <receiver
207-->[androidx.work:work-runtime:2.7.0] AndroidManifest.xml:122:9-131:20
208            android:name="androidx.work.impl.background.systemalarm.ConstraintProxyUpdateReceiver"
208-->[androidx.work:work-runtime:2.7.0] AndroidManifest.xml:123:13-99
209            android:directBootAware="false"
209-->[androidx.work:work-runtime:2.7.0] AndroidManifest.xml:124:13-44
210            android:enabled="@bool/enable_system_alarm_service_default"
210-->[androidx.work:work-runtime:2.7.0] AndroidManifest.xml:125:13-72
211            android:exported="false" >
211-->[androidx.work:work-runtime:2.7.0] AndroidManifest.xml:126:13-37
212            <intent-filter>
212-->[androidx.work:work-runtime:2.7.0] AndroidManifest.xml:128:13-130:29
213                <action android:name="androidx.work.impl.background.systemalarm.UpdateProxies" />
213-->[androidx.work:work-runtime:2.7.0] AndroidManifest.xml:129:17-98
213-->[androidx.work:work-runtime:2.7.0] AndroidManifest.xml:129:25-95
214            </intent-filter>
215        </receiver>
216        <receiver
216-->[androidx.work:work-runtime:2.7.0] AndroidManifest.xml:132:9-142:20
217            android:name="androidx.work.impl.diagnostics.DiagnosticsReceiver"
217-->[androidx.work:work-runtime:2.7.0] AndroidManifest.xml:133:13-78
218            android:directBootAware="false"
218-->[androidx.work:work-runtime:2.7.0] AndroidManifest.xml:134:13-44
219            android:enabled="true"
219-->[androidx.work:work-runtime:2.7.0] AndroidManifest.xml:135:13-35
220            android:exported="true"
220-->[androidx.work:work-runtime:2.7.0] AndroidManifest.xml:136:13-36
221            android:permission="android.permission.DUMP" >
221-->[androidx.work:work-runtime:2.7.0] AndroidManifest.xml:137:13-57
222            <intent-filter>
222-->[androidx.work:work-runtime:2.7.0] AndroidManifest.xml:139:13-141:29
223                <action android:name="androidx.work.diagnostics.REQUEST_DIAGNOSTICS" />
223-->[androidx.work:work-runtime:2.7.0] AndroidManifest.xml:140:17-88
223-->[androidx.work:work-runtime:2.7.0] AndroidManifest.xml:140:25-85
224            </intent-filter>
225        </receiver>
226
227        <uses-library
227-->[androidx.privacysandbox.ads:ads-adservices:1.0.0-beta05] AndroidManifest.xml:23:9-25:40
228            android:name="android.ext.adservices"
228-->[androidx.privacysandbox.ads:ads-adservices:1.0.0-beta05] AndroidManifest.xml:24:13-50
229            android:required="false" />
229-->[androidx.privacysandbox.ads:ads-adservices:1.0.0-beta05] AndroidManifest.xml:25:13-37
230
231        <receiver
231-->[androidx.profileinstaller:profileinstaller:1.3.0] AndroidManifest.xml:34:9-52:20
232            android:name="androidx.profileinstaller.ProfileInstallReceiver"
232-->[androidx.profileinstaller:profileinstaller:1.3.0] AndroidManifest.xml:35:13-76
233            android:directBootAware="false"
233-->[androidx.profileinstaller:profileinstaller:1.3.0] AndroidManifest.xml:36:13-44
234            android:enabled="true"
234-->[androidx.profileinstaller:profileinstaller:1.3.0] AndroidManifest.xml:37:13-35
235            android:exported="true"
235-->[androidx.profileinstaller:profileinstaller:1.3.0] AndroidManifest.xml:38:13-36
236            android:permission="android.permission.DUMP" >
236-->[androidx.profileinstaller:profileinstaller:1.3.0] AndroidManifest.xml:39:13-57
237            <intent-filter>
237-->[androidx.profileinstaller:profileinstaller:1.3.0] AndroidManifest.xml:40:13-42:29
238                <action android:name="androidx.profileinstaller.action.INSTALL_PROFILE" />
238-->[androidx.profileinstaller:profileinstaller:1.3.0] AndroidManifest.xml:41:17-91
238-->[androidx.profileinstaller:profileinstaller:1.3.0] AndroidManifest.xml:41:25-88
239            </intent-filter>
240            <intent-filter>
240-->[androidx.profileinstaller:profileinstaller:1.3.0] AndroidManifest.xml:43:13-45:29
241                <action android:name="androidx.profileinstaller.action.SKIP_FILE" />
241-->[androidx.profileinstaller:profileinstaller:1.3.0] AndroidManifest.xml:44:17-85
241-->[androidx.profileinstaller:profileinstaller:1.3.0] AndroidManifest.xml:44:25-82
242            </intent-filter>
243            <intent-filter>
243-->[androidx.profileinstaller:profileinstaller:1.3.0] AndroidManifest.xml:46:13-48:29
244                <action android:name="androidx.profileinstaller.action.SAVE_PROFILE" />
244-->[androidx.profileinstaller:profileinstaller:1.3.0] AndroidManifest.xml:47:17-88
244-->[androidx.profileinstaller:profileinstaller:1.3.0] AndroidManifest.xml:47:25-85
245            </intent-filter>
246            <intent-filter>
246-->[androidx.profileinstaller:profileinstaller:1.3.0] AndroidManifest.xml:49:13-51:29
247                <action android:name="androidx.profileinstaller.action.BENCHMARK_OPERATION" />
247-->[androidx.profileinstaller:profileinstaller:1.3.0] AndroidManifest.xml:50:17-95
247-->[androidx.profileinstaller:profileinstaller:1.3.0] AndroidManifest.xml:50:25-92
248            </intent-filter>
249        </receiver>
250
251        <service
251-->[androidx.room:room-runtime:2.2.5] AndroidManifest.xml:25:9-28:40
252            android:name="androidx.room.MultiInstanceInvalidationService"
252-->[androidx.room:room-runtime:2.2.5] AndroidManifest.xml:26:13-74
253            android:directBootAware="true"
253-->[androidx.room:room-runtime:2.2.5] AndroidManifest.xml:27:13-43
254            android:exported="false" />
254-->[androidx.room:room-runtime:2.2.5] AndroidManifest.xml:28:13-37
255    </application>
256
257</manifest>